2016-03-10 22:08:55.923+0000 INFO  [o.n.k.i.f.CommunityFacadeFactory] No locking implementation specified, defaulting to 'community'
2016-03-10 22:08:56.019+0000 INFO  [o.n.k.AvailabilityGuard] Requirement makes database unavailable: Database available
2016-03-10 22:08:56.030+0000 INFO  [o.n.k.i.DiagnosticsManager] --- INITIALIZED diagnostics START ---
2016-03-10 22:08:56.030+0000 INFO  [o.n.k.i.DiagnosticsManager] Neo4j Kernel properties:
2016-03-10 22:08:56.032+0000 INFO  [o.n.k.i.DiagnosticsManager] edition=Community
2016-03-10 22:08:56.032+0000 INFO  [o.n.k.i.DiagnosticsManager] ephemeral=false
2016-03-10 22:08:56.032+0000 INFO  [o.n.k.i.DiagnosticsManager] Diagnostics providers:
2016-03-10 22:08:56.032+0000 INFO  [o.n.k.i.DiagnosticsManager] org.neo4j.kernel.configuration.Config
2016-03-10 22:08:56.032+0000 INFO  [o.n.k.i.DiagnosticsManager] org.neo4j.kernel.info.DiagnosticsManager
2016-03-10 22:08:56.032+0000 INFO  [o.n.k.i.DiagnosticsManager] SYSTEM_MEMORY
2016-03-10 22:08:56.032+0000 INFO  [o.n.k.i.DiagnosticsManager] JAVA_MEMORY
2016-03-10 22:08:56.032+0000 INFO  [o.n.k.i.DiagnosticsManager] OPERATING_SYSTEM
2016-03-10 22:08:56.032+0000 INFO  [o.n.k.i.DiagnosticsManager] JAVA_VIRTUAL_MACHINE
2016-03-10 22:08:56.032+0000 INFO  [o.n.k.i.DiagnosticsManager] CLASSPATH
2016-03-10 22:08:56.032+0000 INFO  [o.n.k.i.DiagnosticsManager] LIBRARY_PATH
2016-03-10 22:08:56.032+0000 INFO  [o.n.k.i.DiagnosticsManager] SYSTEM_PROPERTIES
2016-03-10 22:08:56.033+0000 INFO  [o.n.k.i.DiagnosticsManager] NETWORK
2016-03-10 22:08:56.033+0000 INFO  [o.n.k.i.DiagnosticsManager] System memory information:
2016-03-10 22:08:56.035+0000 INFO  [o.n.k.i.DiagnosticsManager] Total Physical memory: 7,92 GB
2016-03-10 22:08:56.035+0000 INFO  [o.n.k.i.DiagnosticsManager] Free Physical memory: 4,38 GB
2016-03-10 22:08:56.036+0000 INFO  [o.n.k.i.DiagnosticsManager] Committed virtual memory: 281,66 MB
2016-03-10 22:08:56.036+0000 INFO  [o.n.k.i.DiagnosticsManager] Total swap space: 9,17 GB
2016-03-10 22:08:56.036+0000 INFO  [o.n.k.i.DiagnosticsManager] Free swap space: 4,53 GB
2016-03-10 22:08:56.036+0000 INFO  [o.n.k.i.DiagnosticsManager] JVM memory information:
2016-03-10 22:08:56.036+0000 INFO  [o.n.k.i.DiagnosticsManager] Free  memory: 87,85 MB
2016-03-10 22:08:56.036+0000 INFO  [o.n.k.i.DiagnosticsManager] Total memory: 122,00 MB
2016-03-10 22:08:56.036+0000 INFO  [o.n.k.i.DiagnosticsManager] Max   memory: 1,76 GB
2016-03-10 22:08:56.037+0000 INFO  [o.n.k.i.DiagnosticsManager] Garbage Collector: PS Scavenge: [PS Eden Space, PS Survivor Space]
2016-03-10 22:08:56.037+0000 INFO  [o.n.k.i.DiagnosticsManager] Garbage Collector: PS MarkSweep: [PS Eden Space, PS Survivor Space, PS Old Gen, PS Perm Gen]
2016-03-10 22:08:56.038+0000 INFO  [o.n.k.i.DiagnosticsManager] Memory Pool: Code Cache (Non-heap memory): committed=2,44 MB, used=557,63 kB, max=48,00 MB, threshold=0,00 B
2016-03-10 22:08:56.039+0000 INFO  [o.n.k.i.DiagnosticsManager] Memory Pool: PS Eden Space (Heap memory): committed=32,50 MB, used=8,36 MB, max=666,00 MB, threshold=?
2016-03-10 22:08:56.039+0000 INFO  [o.n.k.i.DiagnosticsManager] Memory Pool: PS Survivor Space (Heap memory): committed=5,00 MB, used=4,99 MB, max=5,00 MB, threshold=?
2016-03-10 22:08:56.040+0000 INFO  [o.n.k.i.DiagnosticsManager] Memory Pool: PS Old Gen (Heap memory): committed=84,50 MB, used=20,79 MB, max=1,32 GB, threshold=0,00 B
2016-03-10 22:08:56.040+0000 INFO  [o.n.k.i.DiagnosticsManager] Memory Pool: PS Perm Gen (Non-heap memory): committed=21,00 MB, used=7,39 MB, max=82,00 MB, threshold=0,00 B
2016-03-10 22:08:56.040+0000 INFO  [o.n.k.i.DiagnosticsManager] Operating system information:
2016-03-10 22:08:56.040+0000 INFO  [o.n.k.i.DiagnosticsManager] Operating System: Windows 8.1; version: 6.3; arch: amd64; cpus: 4
2016-03-10 22:08:56.050+0000 INFO  [o.n.k.i.DiagnosticsManager] Process id: 14872@DESKTOP-SDAS77P
2016-03-10 22:08:56.050+0000 INFO  [o.n.k.i.DiagnosticsManager] Byte order: LITTLE_ENDIAN
2016-03-10 22:08:56.050+0000 INFO  [o.n.k.i.DiagnosticsManager] Local timezone: America/Bogota
2016-03-10 22:08:56.050+0000 INFO  [o.n.k.i.DiagnosticsManager] JVM information:
2016-03-10 22:08:56.050+0000 INFO  [o.n.k.i.DiagnosticsManager] VM Name: Java HotSpot(TM) 64-Bit Server VM
2016-03-10 22:08:56.050+0000 INFO  [o.n.k.i.DiagnosticsManager] VM Vendor: Oracle Corporation
2016-03-10 22:08:56.050+0000 INFO  [o.n.k.i.DiagnosticsManager] VM Version: 24.80-b11
2016-03-10 22:08:56.051+0000 INFO  [o.n.k.i.DiagnosticsManager] JIT compiler: HotSpot 64-Bit Tiered Compilers
2016-03-10 22:08:56.051+0000 INFO  [o.n.k.i.DiagnosticsManager] VM Arguments: []
2016-03-10 22:08:56.051+0000 INFO  [o.n.k.i.DiagnosticsManager] Java classpath:
2016-03-10 22:08:56.053+0000 INFO  [o.n.k.i.DiagnosticsManager]  [classpath + loader.0] file:/C:/Users/Usuario/.m2/repository/org/neo4j/neo4j-primitive-collections/2.3.2/neo4j-primitive-collections-2.3.2.jar
2016-03-10 22:08:56.053+0000 INFO  [o.n.k.i.DiagnosticsManager]  [loader.1] file:/C:/Program%20Files/Java/jdk1.7.0_80/jre/lib/ext/sunec.jar
2016-03-10 22:08:56.053+0000 INFO  [o.n.k.i.DiagnosticsManager]  [classpath + loader.0] file:/C:/Users/Usuario/.m2/repository/org/neo4j/neo4j-graph-matching/2.3.2/neo4j-graph-matching-2.3.2.jar
2016-03-10 22:08:56.053+0000 INFO  [o.n.k.i.DiagnosticsManager]  [classpath + loader.0] file:/C:/Users/Usuario/.m2/repository/org/neo4j/neo4j-graph-algo/2.3.2/neo4j-graph-algo-2.3.2.jar
2016-03-10 22:08:56.053+0000 INFO  [o.n.k.i.DiagnosticsManager]  [classpath + loader.0] file:/C:/Users/Usuario/.m2/repository/org/parboiled/parboiled-scala_2.11/1.1.7/parboiled-scala_2.11-1.1.7.jar
2016-03-10 22:08:56.053+0000 INFO  [o.n.k.i.DiagnosticsManager]  [classpath + loader.0] file:/C:/Users/Usuario/.m2/repository/org/neo4j/neo4j-cypher-compiler-1.9_2.11/2.0.5/neo4j-cypher-compiler-1.9_2.11-2.0.5.jar
2016-03-10 22:08:56.053+0000 INFO  [o.n.k.i.DiagnosticsManager]  [classpath + loader.0] file:/C:/Users/Usuario/.m2/repository/org/neo4j/neo4j/2.3.2/neo4j-2.3.2.jar
2016-03-10 22:08:56.053+0000 INFO  [o.n.k.i.DiagnosticsManager]  [bootstrap] C:\Program Files\Java\jdk1.7.0_80\jre\classes
2016-03-10 22:08:56.053+0000 INFO  [o.n.k.i.DiagnosticsManager]  [classpath + loader.0] file:/C:/Users/Usuario/.m2/repository/org/scala-lang/modules/scala-parser-combinators_2.11/1.0.4/scala-parser-combinators_2.11-1.0.4.jar
2016-03-10 22:08:56.053+0000 INFO  [o.n.k.i.DiagnosticsManager]  [loader.1] file:/C:/Program%20Files/Java/jdk1.7.0_80/jre/lib/ext/jaccess.jar
2016-03-10 22:08:56.053+0000 INFO  [o.n.k.i.DiagnosticsManager]  [classpath + loader.0] file:/C:/Users/Usuario/.m2/repository/org/neo4j/neo4j-io/2.3.2/neo4j-io-2.3.2.jar
2016-03-10 22:08:56.053+0000 INFO  [o.n.k.i.DiagnosticsManager]  [classpath + loader.0] file:/C:/Users/Usuario/.m2/repository/org/neo4j/neo4j-function/2.3.2/neo4j-function-2.3.2.jar
2016-03-10 22:08:56.053+0000 INFO  [o.n.k.i.DiagnosticsManager]  [bootstrap] C:\Program Files\Java\jdk1.7.0_80\jre\lib\charsets.jar
2016-03-10 22:08:56.054+0000 INFO  [o.n.k.i.DiagnosticsManager]  [bootstrap] C:\Program Files\Java\jdk1.7.0_80\jre\lib\sunrsasign.jar
2016-03-10 22:08:56.054+0000 INFO  [o.n.k.i.DiagnosticsManager]  [loader.1] file:/C:/Program%20Files/Java/jdk1.7.0_80/jre/lib/ext/access-bridge-64.jar
2016-03-10 22:08:56.054+0000 INFO  [o.n.k.i.DiagnosticsManager]  [classpath + loader.0] file:/C:/Users/Usuario/.m2/repository/org/neo4j/neo4j-logging/2.3.2/neo4j-logging-2.3.2.jar
2016-03-10 22:08:56.054+0000 INFO  [o.n.k.i.DiagnosticsManager]  [classpath + loader.0] file:/C:/Users/Usuario/.m2/repository/org/neo4j/neo4j-udc/2.3.2/neo4j-udc-2.3.2.jar
2016-03-10 22:08:56.054+0000 INFO  [o.n.k.i.DiagnosticsManager]  [classpath + loader.0] file:/C:/Users/Usuario/.m2/repository/com/googlecode/concurrentlinkedhashmap/concurrentlinkedhashmap-lru/1.4.2/concurrentlinkedhashmap-lru-1.4.2.jar
2016-03-10 22:08:56.054+0000 INFO  [o.n.k.i.DiagnosticsManager]  [classpath + loader.0] file:/C:/Users/Usuario/.m2/repository/org/neo4j/neo4j-cypher-frontend-2.3/2.3.2/neo4j-cypher-frontend-2.3-2.3.2.jar
2016-03-10 22:08:56.054+0000 INFO  [o.n.k.i.DiagnosticsManager]  [classpath + loader.0] file:/C:/Users/Usuario/.m2/repository/org/neo4j/neo4j-codegen/2.3.2/neo4j-codegen-2.3.2.jar
2016-03-10 22:08:56.054+0000 INFO  [o.n.k.i.DiagnosticsManager]  [classpath + loader.0] file:/C:/Users/Usuario/.m2/repository/org/apache/commons/commons-lang3/3.3.2/commons-lang3-3.3.2.jar
2016-03-10 22:08:56.054+0000 INFO  [o.n.k.i.DiagnosticsManager]  [classpath + loader.0] file:/C:/Users/Usuario/Documents/NetBeansProjects/neo4j/target/classes/
2016-03-10 22:08:56.054+0000 INFO  [o.n.k.i.DiagnosticsManager]  [classpath + loader.0] file:/C:/Users/Usuario/.m2/repository/org/neo4j/neo4j-cypher/2.3.2/neo4j-cypher-2.3.2.jar
2016-03-10 22:08:56.054+0000 INFO  [o.n.k.i.DiagnosticsManager]  [classpath + loader.0] file:/C:/Users/Usuario/.m2/repository/org/neo4j/neo4j-lucene-index/2.3.2/neo4j-lucene-index-2.3.2.jar
2016-03-10 22:08:56.054+0000 INFO  [o.n.k.i.DiagnosticsManager]  [classpath + loader.0] file:/C:/Users/Usuario/.m2/repository/org/neo4j/neo4j-kernel/2.3.2/neo4j-kernel-2.3.2.jar
2016-03-10 22:08:56.054+0000 INFO  [o.n.k.i.DiagnosticsManager]  [loader.1] file:/C:/Program%20Files/Java/jdk1.7.0_80/jre/lib/ext/dnsns.jar
2016-03-10 22:08:56.054+0000 INFO  [o.n.k.i.DiagnosticsManager]  [bootstrap] C:\Program Files\Java\jdk1.7.0_80\jre\lib\jsse.jar
2016-03-10 22:08:56.054+0000 INFO  [o.n.k.i.DiagnosticsManager]  [classpath + loader.0] file:/C:/Users/Usuario/.m2/repository/net/sf/opencsv/opencsv/2.3/opencsv-2.3.jar
2016-03-10 22:08:56.054+0000 INFO  [o.n.k.i.DiagnosticsManager]  [classpath + loader.0] file:/C:/Users/Usuario/.m2/repository/org/neo4j/neo4j-consistency-check-legacy/2.3.2/neo4j-consistency-check-legacy-2.3.2.jar
2016-03-10 22:08:56.054+0000 INFO  [o.n.k.i.DiagnosticsManager]  [classpath + loader.0] file:/C:/Users/Usuario/.m2/repository/org/scala-lang/scala-library/2.11.7/scala-library-2.11.7.jar
2016-03-10 22:08:56.054+0000 INFO  [o.n.k.i.DiagnosticsManager]  [bootstrap] C:\Program Files\Java\jdk1.7.0_80\jre\lib\jfr.jar
2016-03-10 22:08:56.054+0000 INFO  [o.n.k.i.DiagnosticsManager]  [classpath + loader.0] file:/C:/Users/Usuario/.m2/repository/org/apache/lucene/lucene-core/3.6.2/lucene-core-3.6.2.jar
2016-03-10 22:08:56.054+0000 INFO  [o.n.k.i.DiagnosticsManager]  [classpath + loader.0] file:/C:/Users/Usuario/.m2/repository/org/neo4j/neo4j-unsafe/2.3.2/neo4j-unsafe-2.3.2.jar
2016-03-10 22:08:56.054+0000 INFO  [o.n.k.i.DiagnosticsManager]  [bootstrap] C:\Program Files\Java\jdk1.7.0_80\jre\lib\resources.jar
2016-03-10 22:08:56.055+0000 INFO  [o.n.k.i.DiagnosticsManager]  [loader.1] file:/C:/Program%20Files/Java/jdk1.7.0_80/jre/lib/ext/sunmscapi.jar
2016-03-10 22:08:56.055+0000 INFO  [o.n.k.i.DiagnosticsManager]  [loader.1] file:/C:/Program%20Files/Java/jdk1.7.0_80/jre/lib/ext/sunjce_provider.jar
2016-03-10 22:08:56.055+0000 INFO  [o.n.k.i.DiagnosticsManager]  [loader.1] file:/C:/Program%20Files/Java/jdk1.7.0_80/jre/lib/ext/localedata.jar
2016-03-10 22:08:56.055+0000 INFO  [o.n.k.i.DiagnosticsManager]  [classpath + loader.0] file:/C:/Users/Usuario/.m2/repository/org/neo4j/neo4j-jmx/2.3.2/neo4j-jmx-2.3.2.jar
2016-03-10 22:08:56.055+0000 INFO  [o.n.k.i.DiagnosticsManager]  [classpath + loader.0] file:/C:/Users/Usuario/.m2/repository/org/neo4j/neo4j-cypher-compiler-2.2_2.11/2.2.6/neo4j-cypher-compiler-2.2_2.11-2.2.6.jar
2016-03-10 22:08:56.055+0000 INFO  [o.n.k.i.DiagnosticsManager]  [classpath + loader.0] file:/C:/Users/Usuario/.m2/repository/org/ow2/asm/asm/5.0.2/asm-5.0.2.jar
2016-03-10 22:08:56.055+0000 INFO  [o.n.k.i.DiagnosticsManager]  [classpath + loader.0] file:/C:/Users/Usuario/.m2/repository/org/neo4j/neo4j-consistency-check/2.3.2/neo4j-consistency-check-2.3.2.jar
2016-03-10 22:08:56.055+0000 INFO  [o.n.k.i.DiagnosticsManager]  [classpath + loader.0] file:/C:/Users/Usuario/.m2/repository/org/neo4j/neo4j-csv/2.3.2/neo4j-csv-2.3.2.jar
2016-03-10 22:08:56.055+0000 INFO  [o.n.k.i.DiagnosticsManager]  [classpath + loader.0] file:/C:/Users/Usuario/.m2/repository/org/neo4j/neo4j-cypher-compiler-2.3/2.3.2/neo4j-cypher-compiler-2.3-2.3.2.jar
2016-03-10 22:08:56.055+0000 INFO  [o.n.k.i.DiagnosticsManager]  [classpath + loader.0] file:/C:/Users/Usuario/.m2/repository/org/scala-lang/scala-reflect/2.11.7/scala-reflect-2.11.7.jar
2016-03-10 22:08:56.055+0000 INFO  [o.n.k.i.DiagnosticsManager]  [bootstrap] C:\Program Files\Java\jdk1.7.0_80\jre\lib\rt.jar
2016-03-10 22:08:56.055+0000 INFO  [o.n.k.i.DiagnosticsManager]  [loader.1] file:/C:/Program%20Files/Java/jdk1.7.0_80/jre/lib/ext/zipfs.jar
2016-03-10 22:08:56.055+0000 INFO  [o.n.k.i.DiagnosticsManager]  [classpath + loader.0] file:/C:/Users/Usuario/.m2/repository/org/parboiled/parboiled-core/1.1.7/parboiled-core-1.1.7.jar
2016-03-10 22:08:56.055+0000 INFO  [o.n.k.i.DiagnosticsManager]  [bootstrap] C:\Program Files\Java\jdk1.7.0_80\jre\lib\jce.jar
2016-03-10 22:08:56.055+0000 INFO  [o.n.k.i.DiagnosticsManager] Library path:
2016-03-10 22:08:56.056+0000 INFO  [o.n.k.i.DiagnosticsManager] C:\Program Files\Java\jdk1.7.0_80\bin
2016-03-10 22:08:56.056+0000 INFO  [o.n.k.i.DiagnosticsManager] C:\Windows\Sun\Java\bin
2016-03-10 22:08:56.056+0000 INFO  [o.n.k.i.DiagnosticsManager] C:\Windows\System32
2016-03-10 22:08:56.056+0000 INFO  [o.n.k.i.DiagnosticsManager] C:\Windows
2016-03-10 22:08:56.056+0000 INFO  [o.n.k.i.DiagnosticsManager] C:\Windows\System32
2016-03-10 22:08:56.056+0000 INFO  [o.n.k.i.DiagnosticsManager] C:\Windows
2016-03-10 22:08:56.056+0000 INFO  [o.n.k.i.DiagnosticsManager] C:\Windows\System32\wbem
2016-03-10 22:08:56.057+0000 INFO  [o.n.k.i.DiagnosticsManager] C:\Windows\System32\WindowsPowerShell\v1.0
2016-03-10 22:08:56.057+0000 INFO  [o.n.k.i.DiagnosticsManager] C:\Program Files (x86)\AMD\ATI.ACE\Core-Static
2016-03-10 22:08:56.057+0000 INFO  [o.n.k.i.DiagnosticsManager] C:\Windows\System32\config\systemprofile\.dnx\bin
2016-03-10 22:08:56.057+0000 INFO  [o.n.k.i.DiagnosticsManager] C:\Program Files\Microsoft DNX\Dnvm
2016-03-10 22:08:56.057+0000 INFO  [o.n.k.i.DiagnosticsManager] C:\Program Files (x86)\Skype\Phone
2016-03-10 22:08:56.058+0000 INFO  [o.n.k.i.DiagnosticsManager] C:\Users\Usuario\Documents\NetBeansProjects\neo4j
2016-03-10 22:08:56.058+0000 INFO  [o.n.k.i.DiagnosticsManager] System.properties:
2016-03-10 22:08:56.058+0000 INFO  [o.n.k.i.DiagnosticsManager] sun.boot.library.path = C:\Program Files\Java\jdk1.7.0_80\jre\bin
2016-03-10 22:08:56.058+0000 INFO  [o.n.k.i.DiagnosticsManager] path.separator = ;
2016-03-10 22:08:56.058+0000 INFO  [o.n.k.i.DiagnosticsManager] file.encoding.pkg = sun.io
2016-03-10 22:08:56.058+0000 INFO  [o.n.k.i.DiagnosticsManager] user.country = CO
2016-03-10 22:08:56.058+0000 INFO  [o.n.k.i.DiagnosticsManager] user.script = 
2016-03-10 22:08:56.058+0000 INFO  [o.n.k.i.DiagnosticsManager] sun.java.launcher = SUN_STANDARD
2016-03-10 22:08:56.058+0000 INFO  [o.n.k.i.DiagnosticsManager] sun.os.patch.level = 
2016-03-10 22:08:56.058+0000 INFO  [o.n.k.i.DiagnosticsManager] user.dir = C:\Users\Usuario\Documents\NetBeansProjects\neo4j
2016-03-10 22:08:56.059+0000 INFO  [o.n.k.i.DiagnosticsManager] user.variant = 
2016-03-10 22:08:56.059+0000 INFO  [o.n.k.i.DiagnosticsManager] sun.jnu.encoding = Cp1252
2016-03-10 22:08:56.059+0000 INFO  [o.n.k.i.DiagnosticsManager] sun.management.compiler = HotSpot 64-Bit Tiered Compilers
2016-03-10 22:08:56.059+0000 INFO  [o.n.k.i.DiagnosticsManager] user.home = C:\Users\Usuario
2016-03-10 22:08:56.059+0000 INFO  [o.n.k.i.DiagnosticsManager] user.timezone = America/Bogota
2016-03-10 22:08:56.059+0000 INFO  [o.n.k.i.DiagnosticsManager] file.encoding = Cp1252
2016-03-10 22:08:56.059+0000 INFO  [o.n.k.i.DiagnosticsManager] user.name = Usuario
2016-03-10 22:08:56.059+0000 INFO  [o.n.k.i.DiagnosticsManager] sun.java.command = EmbeddedNeo4j.EmbeddedNew
2016-03-10 22:08:56.059+0000 INFO  [o.n.k.i.DiagnosticsManager] sun.arch.data.model = 64
2016-03-10 22:08:56.059+0000 INFO  [o.n.k.i.DiagnosticsManager] user.language = es
2016-03-10 22:08:56.059+0000 INFO  [o.n.k.i.DiagnosticsManager] awt.toolkit = sun.awt.windows.WToolkit
2016-03-10 22:08:56.059+0000 INFO  [o.n.k.i.DiagnosticsManager] file.separator = \
2016-03-10 22:08:56.059+0000 INFO  [o.n.k.i.DiagnosticsManager] sun.io.unicode.encoding = UnicodeLittle
2016-03-10 22:08:56.059+0000 INFO  [o.n.k.i.DiagnosticsManager] sun.cpu.endian = little
2016-03-10 22:08:56.059+0000 INFO  [o.n.k.i.DiagnosticsManager] sun.desktop = windows
2016-03-10 22:08:56.059+0000 INFO  [o.n.k.i.DiagnosticsManager] sun.cpu.isalist = amd64
2016-03-10 22:08:56.059+0000 INFO  [o.n.k.i.DiagnosticsManager] Network information:
2016-03-10 22:08:56.110+0000 INFO  [o.n.k.i.DiagnosticsManager] Interface Software Loopback Interface 1:
2016-03-10 22:08:56.110+0000 INFO  [o.n.k.i.DiagnosticsManager]     address: 127.0.0.1
2016-03-10 22:08:56.110+0000 INFO  [o.n.k.i.DiagnosticsManager]     address: 0:0:0:0:0:0:0:1
2016-03-10 22:08:56.110+0000 INFO  [o.n.k.i.DiagnosticsManager] Interface Microsoft Kernel Debug Network Adapter:
2016-03-10 22:08:56.111+0000 INFO  [o.n.k.i.DiagnosticsManager] Interface Microsoft Wi-Fi Direct Virtual Adapter #2:
2016-03-10 22:08:56.111+0000 INFO  [o.n.k.i.DiagnosticsManager]     address: fe80:0:0:0:b8c6:c6cb:5773:6c7f%3
2016-03-10 22:08:56.111+0000 INFO  [o.n.k.i.DiagnosticsManager] Interface NIC PCI-E de LAN inalámbrica 802.11n Realtek RTL8723AE:
2016-03-10 22:08:56.111+0000 INFO  [o.n.k.i.DiagnosticsManager]     address: 10.100.6.102
2016-03-10 22:08:56.111+0000 INFO  [o.n.k.i.DiagnosticsManager]     address: fe80:0:0:0:ad7e:5fe7:ad9d:d732%4
2016-03-10 22:08:56.111+0000 INFO  [o.n.k.i.DiagnosticsManager] Interface Bluetooth Device (Personal Area Network):
2016-03-10 22:08:56.111+0000 INFO  [o.n.k.i.DiagnosticsManager] Interface Bluetooth Device (Personal Area Network) #2:
2016-03-10 22:08:56.111+0000 INFO  [o.n.k.i.DiagnosticsManager] Interface Bluetooth Device (RFCOMM Protocol TDI) #2:
2016-03-10 22:08:56.111+0000 INFO  [o.n.k.i.DiagnosticsManager] Interface Qualcomm Atheros AR956x Wireless Network Adapter:
2016-03-10 22:08:56.111+0000 INFO  [o.n.k.i.DiagnosticsManager] Interface Realtek PCIe GBE Family Controller:
2016-03-10 22:08:56.111+0000 INFO  [o.n.k.i.DiagnosticsManager]     address: fe80:0:0:0:c490:c5d1:8d89:e37f%9
2016-03-10 22:08:56.112+0000 INFO  [o.n.k.i.DiagnosticsManager] Interface Bluetooth Device (RFCOMM Protocol TDI):
2016-03-10 22:08:56.112+0000 INFO  [o.n.k.i.DiagnosticsManager] Interface Microsoft ISATAP Adapter:
2016-03-10 22:08:56.112+0000 INFO  [o.n.k.i.DiagnosticsManager]     address: fe80:0:0:0:0:5efe:a9fe:7bf8%11
2016-03-10 22:08:56.112+0000 INFO  [o.n.k.i.DiagnosticsManager] Interface Microsoft ISATAP Adapter #2:
2016-03-10 22:08:56.112+0000 INFO  [o.n.k.i.DiagnosticsManager]     address: fe80:0:0:0:0:5efe:a64:666%12
2016-03-10 22:08:56.112+0000 INFO  [o.n.k.i.DiagnosticsManager] Interface TAP-Windows Adapter V9:
2016-03-10 22:08:56.112+0000 INFO  [o.n.k.i.DiagnosticsManager]     address: 169.254.123.248
2016-03-10 22:08:56.112+0000 INFO  [o.n.k.i.DiagnosticsManager]     address: fe80:0:0:0:f09a:e2e2:2de4:ee3f%13
2016-03-10 22:08:56.112+0000 INFO  [o.n.k.i.DiagnosticsManager] Interface Realtek PCIe GBE Family Controller-WFP Native MAC Layer LightWeight Filter-0000:
2016-03-10 22:08:56.112+0000 INFO  [o.n.k.i.DiagnosticsManager] Interface Realtek PCIe GBE Family Controller-QoS Packet Scheduler-0000:
2016-03-10 22:08:56.112+0000 INFO  [o.n.k.i.DiagnosticsManager] Interface Realtek PCIe GBE Family Controller-WFP 802.3 MAC Layer LightWeight Filter-0000:
2016-03-10 22:08:56.113+0000 INFO  [o.n.k.i.DiagnosticsManager] Interface NIC PCI-E de LAN inalámbrica 802.11n Realtek RTL8723AE-WFP Native MAC Layer LightWeight Filter-0000:
2016-03-10 22:08:56.113+0000 INFO  [o.n.k.i.DiagnosticsManager] Interface NIC PCI-E de LAN inalámbrica 802.11n Realtek RTL8723AE-Virtual WiFi Filter Driver-0000:
2016-03-10 22:08:56.113+0000 INFO  [o.n.k.i.DiagnosticsManager] Interface NIC PCI-E de LAN inalámbrica 802.11n Realtek RTL8723AE-Native WiFi Filter Driver-0000:
2016-03-10 22:08:56.113+0000 INFO  [o.n.k.i.DiagnosticsManager] Interface NIC PCI-E de LAN inalámbrica 802.11n Realtek RTL8723AE-QoS Packet Scheduler-0000:
2016-03-10 22:08:56.113+0000 INFO  [o.n.k.i.DiagnosticsManager] Interface NIC PCI-E de LAN inalámbrica 802.11n Realtek RTL8723AE-WFP 802.3 MAC Layer LightWeight Filter-0000:
2016-03-10 22:08:56.113+0000 INFO  [o.n.k.i.DiagnosticsManager] Interface Microsoft Wi-Fi Direct Virtual Adapter #2-WFP Native MAC Layer LightWeight Filter-0000:
2016-03-10 22:08:56.113+0000 INFO  [o.n.k.i.DiagnosticsManager] Interface Microsoft Wi-Fi Direct Virtual Adapter #2-Native WiFi Filter Driver-0000:
2016-03-10 22:08:56.113+0000 INFO  [o.n.k.i.DiagnosticsManager] Interface Microsoft Wi-Fi Direct Virtual Adapter #2-QoS Packet Scheduler-0000:
2016-03-10 22:08:56.113+0000 INFO  [o.n.k.i.DiagnosticsManager] Interface Microsoft Wi-Fi Direct Virtual Adapter #2-WFP 802.3 MAC Layer LightWeight Filter-0000:
2016-03-10 22:08:56.113+0000 INFO  [o.n.k.i.DiagnosticsManager] --- INITIALIZED diagnostics END ---
2016-03-10 22:08:58.881+0000 INFO  [o.n.k.a.i.i.LuceneLabelScanStore] No lucene scan store index found, this might just be first use. Preparing to rebuild.
2016-03-10 22:08:58.965+0000 INFO  [o.n.k.NeoStoreDataSource] Opened logical log [C:\Users\Usuario\Documents\NetBeansProjects\neo4j\target\neo4j-hello-db\neostore.transaction.db.0] version=0, lastTxId=1 (clean)
2016-03-10 22:08:58.982+0000 WARN  [o.n.k.i.s.MetaDataStore] Missing counts store, rebuilding it.
2016-03-10 22:08:59.103+0000 INFO  [o.n.k.a.i.i.LuceneLabelScanStore] Rebuilding lucene scan store, this may take a while
2016-03-10 22:08:59.108+0000 INFO  [o.n.k.a.i.i.LuceneLabelScanStore] Lucene scan store rebuilt (roughly -1 nodes)
2016-03-10 22:08:59.117+0000 INFO  [o.n.k.KernelHealth] Kernel health set to OK
2016-03-10 22:08:59.362+0000 INFO  [o.n.k.AvailabilityGuard] Fulfilling of requirement makes database available: Database available
2016-03-10 22:08:59.366+0000 INFO  [o.n.k.i.f.CommunityFacadeFactory] Database is now ready
2016-03-10 22:08:59.370+0000 INFO  [o.n.k.i.DiagnosticsManager] --- STARTED diagnostics for KernelDiagnostics:Versions START ---
2016-03-10 22:08:59.373+0000 INFO  [o.n.k.i.DiagnosticsManager] Graph Database: Community StoreId{creationTime=1457647738604, randomId=5071767038149832837, storeVersion=15250506225055238, upgradeTime=1457647738604, upgradeId=1}
2016-03-10 22:08:59.376+0000 INFO  [o.n.k.i.DiagnosticsManager] Kernel version: 2.3.2,30a48a0
2016-03-10 22:08:59.380+0000 INFO  [o.n.k.i.DiagnosticsManager] --- STARTED diagnostics for KernelDiagnostics:Versions END ---
2016-03-10 22:08:59.385+0000 INFO  [o.n.k.i.DiagnosticsManager] --- STARTED diagnostics for NEO_STORE_VERSIONS START ---
2016-03-10 22:08:59.389+0000 INFO  [o.n.k.i.DiagnosticsManager] Store versions:
2016-03-10 22:08:59.392+0000 INFO  [o.n.k.i.DiagnosticsManager] Store versions:
2016-03-10 22:08:59.395+0000 INFO  [o.n.k.i.DiagnosticsManager] ArrayPropertyStore v0.A.6
2016-03-10 22:08:59.398+0000 INFO  [o.n.k.i.DiagnosticsManager] NodeStore v0.A.6
2016-03-10 22:08:59.402+0000 INFO  [o.n.k.i.DiagnosticsManager] StringPropertyStore v0.A.6
2016-03-10 22:08:59.405+0000 INFO  [o.n.k.i.DiagnosticsManager] PropertyIndexStore v0.A.6
2016-03-10 22:08:59.409+0000 INFO  [o.n.k.i.DiagnosticsManager] StringPropertyStore v0.A.6
2016-03-10 22:08:59.412+0000 INFO  [o.n.k.i.DiagnosticsManager] ArrayPropertyStore v0.A.6
2016-03-10 22:08:59.415+0000 INFO  [o.n.k.i.DiagnosticsManager] PropertyStore v0.A.6
2016-03-10 22:08:59.418+0000 INFO  [o.n.k.i.DiagnosticsManager] RelationshipStore v0.A.6
2016-03-10 22:08:59.422+0000 INFO  [o.n.k.i.DiagnosticsManager] StringPropertyStore v0.A.6
2016-03-10 22:08:59.425+0000 INFO  [o.n.k.i.DiagnosticsManager] RelationshipTypeStore v0.A.6
2016-03-10 22:08:59.428+0000 INFO  [o.n.k.i.DiagnosticsManager] StringPropertyStore v0.A.6
2016-03-10 22:08:59.432+0000 INFO  [o.n.k.i.DiagnosticsManager] LabelTokenStore v0.A.6
2016-03-10 22:08:59.435+0000 INFO  [o.n.k.i.DiagnosticsManager] SchemaStore v0.A.6
2016-03-10 22:08:59.439+0000 INFO  [o.n.k.i.DiagnosticsManager] RelationshipGroupStore v0.A.6
2016-03-10 22:08:59.442+0000 INFO  [o.n.k.i.DiagnosticsManager] NeoStore v0.A.6
2016-03-10 22:08:59.445+0000 INFO  [o.n.k.i.DiagnosticsManager] --- STARTED diagnostics for NEO_STORE_VERSIONS END ---
2016-03-10 22:08:59.448+0000 INFO  [o.n.k.i.DiagnosticsManager] --- STARTED diagnostics for NEO_STORE_ID_USAGE START ---
2016-03-10 22:08:59.452+0000 INFO  [o.n.k.i.DiagnosticsManager] Id usage:
2016-03-10 22:08:59.455+0000 INFO  [o.n.k.i.DiagnosticsManager] Id usage:
2016-03-10 22:08:59.459+0000 INFO  [o.n.k.i.DiagnosticsManager]   ArrayPropertyStore v0.A.6: used=1 high=0
2016-03-10 22:08:59.462+0000 INFO  [o.n.k.i.DiagnosticsManager]   NodeStore v0.A.6: used=0 high=-1
2016-03-10 22:08:59.465+0000 INFO  [o.n.k.i.DiagnosticsManager]   StringPropertyStore v0.A.6: used=1 high=0
2016-03-10 22:08:59.469+0000 INFO  [o.n.k.i.DiagnosticsManager]   PropertyIndexStore v0.A.6: used=0 high=-1
2016-03-10 22:08:59.473+0000 INFO  [o.n.k.i.DiagnosticsManager]   StringPropertyStore v0.A.6: used=1 high=0
2016-03-10 22:08:59.476+0000 INFO  [o.n.k.i.DiagnosticsManager]   ArrayPropertyStore v0.A.6: used=1 high=0
2016-03-10 22:08:59.479+0000 INFO  [o.n.k.i.DiagnosticsManager]   PropertyStore v0.A.6: used=0 high=-1
2016-03-10 22:08:59.483+0000 INFO  [o.n.k.i.DiagnosticsManager]   RelationshipStore v0.A.6: used=0 high=-1
2016-03-10 22:08:59.486+0000 INFO  [o.n.k.i.DiagnosticsManager]   StringPropertyStore v0.A.6: used=1 high=0
2016-03-10 22:08:59.490+0000 INFO  [o.n.k.i.DiagnosticsManager]   RelationshipTypeStore v0.A.6: used=0 high=-1
2016-03-10 22:08:59.493+0000 INFO  [o.n.k.i.DiagnosticsManager]   StringPropertyStore v0.A.6: used=1 high=0
2016-03-10 22:08:59.496+0000 INFO  [o.n.k.i.DiagnosticsManager]   LabelTokenStore v0.A.6: used=0 high=-1
2016-03-10 22:08:59.500+0000 INFO  [o.n.k.i.DiagnosticsManager]   SchemaStore v0.A.6: used=1 high=0
2016-03-10 22:08:59.503+0000 INFO  [o.n.k.i.DiagnosticsManager]   RelationshipGroupStore v0.A.6: used=1 high=0
2016-03-10 22:08:59.507+0000 INFO  [o.n.k.i.DiagnosticsManager]   NeoStore v0.A.6: used=13 high=12
2016-03-10 22:08:59.511+0000 INFO  [o.n.k.i.DiagnosticsManager] --- STARTED diagnostics for NEO_STORE_ID_USAGE END ---
2016-03-10 22:08:59.514+0000 INFO  [o.n.k.i.DiagnosticsManager] --- STARTED diagnostics for NEO_STORE_RECORDS START ---
2016-03-10 22:08:59.518+0000 INFO  [o.n.k.i.DiagnosticsManager] Neostore records:
2016-03-10 22:08:59.522+0000 INFO  [o.n.k.i.DiagnosticsManager] TIME (Creation time): 1457647738604
2016-03-10 22:08:59.525+0000 INFO  [o.n.k.i.DiagnosticsManager] RANDOM_NUMBER (Random number for store id): 5071767038149832837
2016-03-10 22:08:59.528+0000 INFO  [o.n.k.i.DiagnosticsManager] LOG_VERSION (Current log version): 0
2016-03-10 22:08:59.531+0000 INFO  [o.n.k.i.DiagnosticsManager] LAST_TRANSACTION_ID (Last committed transaction): 1
2016-03-10 22:08:59.535+0000 INFO  [o.n.k.i.DiagnosticsManager] STORE_VERSION (Store format version): 15250506225055238
2016-03-10 22:08:59.538+0000 INFO  [o.n.k.i.DiagnosticsManager] FIRST_GRAPH_PROPERTY (First property record containing graph properties): -1
2016-03-10 22:08:59.541+0000 INFO  [o.n.k.i.DiagnosticsManager] LAST_CONSTRAINT_TRANSACTION (Last committed transaction containing constraint changes): 0
2016-03-10 22:08:59.545+0000 INFO  [o.n.k.i.DiagnosticsManager] UPGRADE_TRANSACTION_ID (Transaction id most recent upgrade was performed at): 1
2016-03-10 22:08:59.548+0000 INFO  [o.n.k.i.DiagnosticsManager] UPGRADE_TIME (Time of last upgrade): 1457647738604
2016-03-10 22:08:59.552+0000 INFO  [o.n.k.i.DiagnosticsManager] LAST_TRANSACTION_CHECKSUM (Checksum of last committed transaction): 0
2016-03-10 22:08:59.555+0000 INFO  [o.n.k.i.DiagnosticsManager] UPGRADE_TRANSACTION_CHECKSUM (Checksum of transaction id the most recent upgrade was performed at): 0
2016-03-10 22:08:59.558+0000 INFO  [o.n.k.i.DiagnosticsManager] LAST_CLOSED_TRANSACTION_LOG_VERSION (Log version where the last transaction commit entry has been written into): 0
2016-03-10 22:08:59.562+0000 INFO  [o.n.k.i.DiagnosticsManager] LAST_CLOSED_TRANSACTION_LOG_BYTE_OFFSET (Byte offset in the log file where the last transaction commit entry has been written into): 16
2016-03-10 22:08:59.565+0000 INFO  [o.n.k.i.DiagnosticsManager] --- STARTED diagnostics for NEO_STORE_RECORDS END ---
2016-03-10 22:08:59.568+0000 INFO  [o.n.k.i.DiagnosticsManager] --- STARTED diagnostics for TRANSACTION_RANGE START ---
2016-03-10 22:08:59.571+0000 INFO  [o.n.k.i.DiagnosticsManager] Transaction log:
2016-03-10 22:08:59.576+0000 INFO  [o.n.k.i.DiagnosticsManager] No transactions found in any log
2016-03-10 22:08:59.580+0000 INFO  [o.n.k.i.DiagnosticsManager] --- STARTED diagnostics for TRANSACTION_RANGE END ---
2016-03-10 22:08:59.583+0000 INFO  [o.n.k.i.DiagnosticsManager] --- STARTED diagnostics for KernelDiagnostics:StoreFiles START ---
2016-03-10 22:08:59.588+0000 INFO  [o.n.k.i.DiagnosticsManager] Disk space on partition (Total / Free / Free %): 209190907904 / 139579633664 / 66
Storage files: (filename : modification date - size)
2016-03-10 22:08:59.593+0000 INFO  [o.n.k.i.DiagnosticsManager]   index:
2016-03-10 22:08:59.596+0000 INFO  [o.n.k.i.DiagnosticsManager]   - Total: 2016-03-10T17:08:58-0500 - 0,00 B
2016-03-10 22:08:59.600+0000 INFO  [o.n.k.i.DiagnosticsManager]   messages.log: 2016-03-10T17:08:55-0500 - 29,04 kB
2016-03-10 22:08:59.603+0000 INFO  [o.n.k.i.DiagnosticsManager]   neostore: 2016-03-10T17:08:58-0500 - 8,00 kB
2016-03-10 22:08:59.607+0000 INFO  [o.n.k.i.DiagnosticsManager]   neostore.counts.db.a: 2016-03-10T17:08:59-0500 - 96,00 B
2016-03-10 22:08:59.611+0000 INFO  [o.n.k.i.DiagnosticsManager]   neostore.id: 2016-03-10T17:08:58-0500 - 9,00 B
2016-03-10 22:08:59.615+0000 INFO  [o.n.k.i.DiagnosticsManager]   neostore.labeltokenstore.db: 2016-03-10T17:08:58-0500 - 0,00 B
2016-03-10 22:08:59.618+0000 INFO  [o.n.k.i.DiagnosticsManager]   neostore.labeltokenstore.db.id: 2016-03-10T17:08:58-0500 - 9,00 B
2016-03-10 22:08:59.622+0000 INFO  [o.n.k.i.DiagnosticsManager]   neostore.labeltokenstore.db.names: 2016-03-10T17:08:57-0500 - 8,00 kB
2016-03-10 22:08:59.625+0000 INFO  [o.n.k.i.DiagnosticsManager]   neostore.labeltokenstore.db.names.id: 2016-03-10T17:08:57-0500 - 9,00 B
2016-03-10 22:08:59.629+0000 INFO  [o.n.k.i.DiagnosticsManager]   neostore.nodestore.db: 2016-03-10T17:08:56-0500 - 0,00 B
2016-03-10 22:08:59.633+0000 INFO  [o.n.k.i.DiagnosticsManager]   neostore.nodestore.db.id: 2016-03-10T17:08:56-0500 - 9,00 B
2016-03-10 22:08:59.637+0000 INFO  [o.n.k.i.DiagnosticsManager]   neostore.nodestore.db.labels: 2016-03-10T17:08:56-0500 - 8,00 kB
2016-03-10 22:08:59.640+0000 INFO  [o.n.k.i.DiagnosticsManager]   neostore.nodestore.db.labels.id: 2016-03-10T17:08:56-0500 - 9,00 B
2016-03-10 22:08:59.644+0000 INFO  [o.n.k.i.DiagnosticsManager]   neostore.propertystore.db: 2016-03-10T17:08:57-0500 - 0,00 B
2016-03-10 22:08:59.647+0000 INFO  [o.n.k.i.DiagnosticsManager]   neostore.propertystore.db.arrays: 2016-03-10T17:08:57-0500 - 8,00 kB
2016-03-10 22:08:59.651+0000 INFO  [o.n.k.i.DiagnosticsManager]   neostore.propertystore.db.arrays.id: 2016-03-10T17:08:57-0500 - 9,00 B
2016-03-10 22:08:59.655+0000 INFO  [o.n.k.i.DiagnosticsManager]   neostore.propertystore.db.id: 2016-03-10T17:08:57-0500 - 9,00 B
2016-03-10 22:08:59.659+0000 INFO  [o.n.k.i.DiagnosticsManager]   neostore.propertystore.db.index: 2016-03-10T17:08:56-0500 - 0,00 B
2016-03-10 22:08:59.662+0000 INFO  [o.n.k.i.DiagnosticsManager]   neostore.propertystore.db.index.id: 2016-03-10T17:08:56-0500 - 9,00 B
2016-03-10 22:08:59.701+0000 INFO  [o.n.k.i.DiagnosticsManager]   neostore.propertystore.db.index.keys: 2016-03-10T17:08:56-0500 - 8,00 kB
2016-03-10 22:08:59.705+0000 INFO  [o.n.k.i.DiagnosticsManager]   neostore.propertystore.db.index.keys.id: 2016-03-10T17:08:56-0500 - 9,00 B
2016-03-10 22:08:59.710+0000 INFO  [o.n.k.i.DiagnosticsManager]   neostore.propertystore.db.strings: 2016-03-10T17:08:57-0500 - 8,00 kB
2016-03-10 22:08:59.714+0000 INFO  [o.n.k.i.DiagnosticsManager]   neostore.propertystore.db.strings.id: 2016-03-10T17:08:57-0500 - 9,00 B
2016-03-10 22:08:59.718+0000 INFO  [o.n.k.i.DiagnosticsManager]   neostore.relationshipgroupstore.db: 2016-03-10T17:08:58-0500 - 8,00 kB
2016-03-10 22:08:59.722+0000 INFO  [o.n.k.i.DiagnosticsManager]   neostore.relationshipgroupstore.db.id: 2016-03-10T17:08:58-0500 - 9,00 B
2016-03-10 22:08:59.726+0000 INFO  [o.n.k.i.DiagnosticsManager]   neostore.relationshipstore.db: 2016-03-10T17:08:57-0500 - 0,00 B
2016-03-10 22:08:59.729+0000 INFO  [o.n.k.i.DiagnosticsManager]   neostore.relationshipstore.db.id: 2016-03-10T17:08:57-0500 - 9,00 B
2016-03-10 22:08:59.733+0000 INFO  [o.n.k.i.DiagnosticsManager]   neostore.relationshiptypestore.db: 2016-03-10T17:08:57-0500 - 0,00 B
2016-03-10 22:08:59.737+0000 INFO  [o.n.k.i.DiagnosticsManager]   neostore.relationshiptypestore.db.id: 2016-03-10T17:08:57-0500 - 9,00 B
2016-03-10 22:08:59.740+0000 INFO  [o.n.k.i.DiagnosticsManager]   neostore.relationshiptypestore.db.names: 2016-03-10T17:08:57-0500 - 8,00 kB
2016-03-10 22:08:59.744+0000 INFO  [o.n.k.i.DiagnosticsManager]   neostore.relationshiptypestore.db.names.id: 2016-03-10T17:08:57-0500 - 9,00 B
2016-03-10 22:08:59.748+0000 INFO  [o.n.k.i.DiagnosticsManager]   neostore.schemastore.db: 2016-03-10T17:08:58-0500 - 8,00 kB
2016-03-10 22:08:59.751+0000 INFO  [o.n.k.i.DiagnosticsManager]   neostore.schemastore.db.id: 2016-03-10T17:08:58-0500 - 9,00 B
2016-03-10 22:08:59.755+0000 INFO  [o.n.k.i.DiagnosticsManager]   neostore.transaction.db.0: 2016-03-10T17:08:58-0500 - 16,00 B
2016-03-10 22:08:59.758+0000 INFO  [o.n.k.i.DiagnosticsManager]   schema:
2016-03-10 22:08:59.762+0000 INFO  [o.n.k.i.DiagnosticsManager]     label:
2016-03-10 22:08:59.765+0000 INFO  [o.n.k.i.DiagnosticsManager]       lucene:
2016-03-10 22:08:59.769+0000 INFO  [o.n.k.i.DiagnosticsManager]         write.lock: 2016-03-10T17:08:58-0500 - 0,00 B
2016-03-10 22:08:59.772+0000 INFO  [o.n.k.i.DiagnosticsManager]       - Total: 2016-03-10T17:08:58-0500 - 0,00 B
2016-03-10 22:08:59.775+0000 INFO  [o.n.k.i.DiagnosticsManager]     - Total: 2016-03-10T17:08:58-0500 - 0,00 B
2016-03-10 22:08:59.779+0000 INFO  [o.n.k.i.DiagnosticsManager]   - Total: 2016-03-10T17:08:58-0500 - 0,00 B
2016-03-10 22:08:59.783+0000 INFO  [o.n.k.i.DiagnosticsManager]   store_lock: 2016-03-10T17:08:56-0500 - 0,00 B
2016-03-10 22:08:59.786+0000 INFO  [o.n.k.i.DiagnosticsManager] --- STARTED diagnostics for KernelDiagnostics:StoreFiles END ---
2016-03-10 22:09:00.215+0000 INFO  [o.n.k.i.f.GraphDatabaseFacade] Shutdown started
2016-03-10 22:09:00.219+0000 INFO  [o.n.k.i.f.CommunityFacadeFactory] Database is now unavailable
2016-03-10 22:09:00.281+0000 INFO  [o.n.k.i.s.c.CountsTracker] About to rotate counts store at transaction 7 to [C:\Users\Usuario\Documents\NetBeansProjects\neo4j\target\neo4j-hello-db\neostore.counts.db.b], from [C:\Users\Usuario\Documents\NetBeansProjects\neo4j\target\neo4j-hello-db\neostore.counts.db.a].
2016-03-10 22:09:00.286+0000 INFO  [o.n.k.i.s.c.CountsTracker] Successfully rotated counts store at transaction 7 to [C:\Users\Usuario\Documents\NetBeansProjects\neo4j\target\neo4j-hello-db\neostore.counts.db.b], from [C:\Users\Usuario\Documents\NetBeansProjects\neo4j\target\neo4j-hello-db\neostore.counts.db.a].
2016-03-10 22:09:00.588+0000 INFO  [o.n.k.i.t.l.c.CheckPointerImpl] Check Pointing triggered by database shutdown [7]:  Starting check pointing...
2016-03-10 22:09:00.592+0000 INFO  [o.n.k.i.t.l.c.CheckPointerImpl] Check Pointing triggered by database shutdown [7]:  Starting store flush...
2016-03-10 22:09:00.610+0000 INFO  [o.n.k.i.t.l.c.CheckPointerImpl] Check Pointing triggered by database shutdown [7]:  Store flush completed
2016-03-10 22:09:00.614+0000 INFO  [o.n.k.i.t.l.c.CheckPointerImpl] Check Pointing triggered by database shutdown [7]:  Starting appending check point entry into the tx log...
2016-03-10 22:09:00.648+0000 INFO  [o.n.k.i.t.l.c.CheckPointerImpl] Check Pointing triggered by database shutdown [7]:  Appending check point entry into the tx log completed
2016-03-10 22:09:00.651+0000 INFO  [o.n.k.i.t.l.c.CheckPointerImpl] Check Pointing triggered by database shutdown [7]:  Check pointing completed
2016-03-10 22:09:00.654+0000 INFO  [o.n.k.i.t.l.p.LogPruningImpl] Log Rotation [0]:  Starting log pruning.
2016-03-10 22:09:00.658+0000 INFO  [o.n.k.i.t.l.p.LogPruningImpl] Log Rotation [0]:  Log pruning complete.
2016-03-10 22:09:01.897+0000 INFO  [o.n.k.NeoStoreDataSource] NeoStores closed
2016-03-10 22:09:01.901+0000 INFO  [o.n.k.i.DiagnosticsManager] --- STOPPING diagnostics START ---
2016-03-10 22:09:01.901+0000 INFO  [o.n.k.i.DiagnosticsManager] --- STOPPING diagnostics END ---
